07:43:28 [factory.orchestrator] INFO: [FACTORY] Starting. Projects: ['clawmarketing', 'shell'], max_hours=24.0, cycle_interval=60s
07:43:28 [factory.orchestrator] INFO: [CYCLE 4] Phase 1: THINK (clawmarketing)
07:43:28 [factory.think] INFO: [THINK] Starting for clawmarketing
07:43:29 [factory.think] INFO: [THINK] Task Ledger: 1 facts
07:43:29 [factory.think] INFO: [THINK] Gathering 3 advisor opinions in parallel...
07:44:29 [factory.think] INFO: [THINK] Got 2/3 valid opinions
07:44:29 [factory.think] INFO: [THINK] Consensus: 0 agreed, 3 specs, confidence=0.72, proceed=True
07:44:29 [factory.orchestrator] INFO: [CYCLE 4] Phase 2: BUILD (clawmarketing)
07:44:29 [factory.build] INFO: [BUILD] Generated spec: S01-promote-the-default-template
07:44:29 [factory.build] INFO: [BUILD] Generated spec: S02-add-a-lightweight-release-gate
07:44:29 [factory.build] INFO: [BUILD] Generated spec: S03-reduce-structural-debt-in-one
07:44:29 [factory.build] INFO: [BUILD] S01-promote-the-default-template attempt 1/4
08:05:47 [factory.build] INFO: [BUILD] S01-promote-the-default-template failed (loc_added=0), will retry. Error: Exit code 1...
08:05:47 [factory.build] INFO: [BUILD] S01-promote-the-default-template attempt 2/4
08:06:50 [factory.build] WARNING: [BUILD] S01-promote-the-default-template: 2 consecutive runs with loc_added=0 — early kill
08:06:50 [factory.build] INFO: [BUILD] S02-add-a-lightweight-release-gate attempt 1/4
08:28:21 [factory.build] INFO: [BUILD] S02-add-a-lightweight-release-gate failed (loc_added=0), will retry. Error: Exit code 1...
08:28:21 [factory.build] INFO: [BUILD] S02-add-a-lightweight-release-gate attempt 2/4
08:33:04 [factory.build] WARNING: [BUILD] S02-add-a-lightweight-release-gate: 2 consecutive runs with loc_added=0 — early kill
08:33:04 [factory.build] INFO: [BUILD] S03-reduce-structural-debt-in-one attempt 1/4
08:34:11 [factory.build] INFO: [BUILD] S03-reduce-structural-debt-in-one failed (loc_added=0), will retry. Error: Exit code 1...
08:34:11 [factory.build] INFO: [BUILD] S03-reduce-structural-debt-in-one attempt 2/4
08:35:01 [factory.build] WARNING: [BUILD] S03-reduce-structural-debt-in-one: 2 consecutive runs with loc_added=0 — early kill
08:35:01 [factory.orchestrator] INFO: [CYCLE 4] Phase 3: REVIEW (clawmarketing)
08:35:01 [factory.orchestrator] INFO: [CYCLE 4] Phase 4: LEARN (clawmarketing)
08:35:01 [factory.learn] INFO: [LEARN] Updated 3 Thompson Sampling stats
08:35:01 [factory.learn] INFO: [LEARN] clawmarketing: mutated=0, pruned=0, patterns=0, thompson_updates=3
08:35:01 [factory.orchestrator] INFO: [FACTORY] Cycle 4 done: clawmarketing completed=0 failed=0 progress=False duration=3094s
08:36:01 [factory.orchestrator] INFO: [CYCLE 5] Phase 1: THINK (shell)
08:36:01 [factory.think] INFO: [THINK] Starting for shell
08:36:05 [factory.think] INFO: [THINK] Task Ledger: 1 facts
08:36:05 [factory.think] INFO: [THINK] Gathering 3 advisor opinions in parallel...
08:38:05 [factory.think] INFO: [THINK] Got 1/3 valid opinions
08:38:05 [factory.think] INFO: [THINK] Consensus: 0 agreed, 1 specs, confidence=0.60, proceed=True
08:38:05 [factory.orchestrator] INFO: [CYCLE 5] Phase 2: BUILD (shell)
08:38:05 [factory.build] INFO: [BUILD] Generated spec: S01-invalid-api-key-fix-external
08:38:05 [factory.build] INFO: [BUILD] S01-invalid-api-key-fix-external attempt 1/4
08:38:05 [factory.build] WARNING: [BUILD] S01-invalid-api-key-fix-external: exit 0 but loc_added=0 — empty_run
08:38:05 [factory.build] INFO: [BUILD] S01-invalid-api-key-fix-external failed (loc_added=0), will retry. Error: Empty run: exit 0 but loc_added=0, no code produced...
08:38:05 [factory.build] INFO: [BUILD] S01-invalid-api-key-fix-external attempt 2/4
08:38:05 [factory.build] WARNING: [BUILD] S01-invalid-api-key-fix-external: exit 0 but loc_added=0 — empty_run
08:38:05 [factory.build] WARNING: [BUILD] S01-invalid-api-key-fix-external: 2 consecutive runs with loc_added=0 — early kill
08:38:05 [factory.orchestrator] INFO: [CYCLE 5] Phase 3: REVIEW (shell)
08:38:05 [factory.orchestrator] INFO: [CYCLE 5] Phase 4: LEARN (shell)
08:38:05 [factory.learn] INFO: [LEARN] Updated 1 Thompson Sampling stats
08:38:05 [factory.learn] INFO: [LEARN] shell: mutated=0, pruned=0, patterns=0, thompson_updates=1
08:38:05 [factory.orchestrator] INFO: [FACTORY] Cycle 5 done: shell completed=0 failed=0 progress=False duration=124s
08:39:05 [factory.orchestrator] INFO: [CYCLE 6] Phase 1: THINK (clawmarketing)
08:39:05 [factory.think] INFO: [THINK] Starting for clawmarketing
08:39:07 [factory.think] INFO: [THINK] Task Ledger: 1 facts
08:39:07 [factory.think] INFO: [THINK] Gathering 3 advisor opinions in parallel...
08:41:07 [factory.think] INFO: [THINK] Got 1/3 valid opinions
08:41:07 [factory.think] INFO: [THINK] Consensus: 0 agreed, 1 specs, confidence=0.60, proceed=True
08:41:07 [factory.orchestrator] INFO: [CYCLE 6] Phase 2: BUILD (clawmarketing)
08:41:07 [factory.build] INFO: [BUILD] Generated spec: S01-invalid-api-key-fix-external
08:41:07 [factory.build] INFO: [BUILD] S01-invalid-api-key-fix-external attempt 1/4
08:41:07 [factory.build] WARNING: [BUILD] S01-invalid-api-key-fix-external: exit 0 but loc_added=0 — empty_run
08:41:07 [factory.build] INFO: [BUILD] S01-invalid-api-key-fix-external failed (loc_added=0), will retry. Error: Empty run: exit 0 but loc_added=0, no code produced...
08:41:07 [factory.build] INFO: [BUILD] S01-invalid-api-key-fix-external attempt 2/4
08:41:07 [factory.build] WARNING: [BUILD] S01-invalid-api-key-fix-external: exit 0 but loc_added=0 — empty_run
08:41:07 [factory.build] WARNING: [BUILD] S01-invalid-api-key-fix-external: 2 consecutive runs with loc_added=0 — early kill
08:41:07 [factory.orchestrator] INFO: [CYCLE 6] Phase 3: REVIEW (clawmarketing)
08:41:07 [factory.orchestrator] INFO: [CYCLE 6] Phase 4: LEARN (clawmarketing)
08:41:07 [factory.learn] INFO: [LEARN] Updated 1 Thompson Sampling stats
08:41:07 [factory.learn] INFO: [LEARN] clawmarketing: mutated=0, pruned=0, patterns=0, thompson_updates=1
08:41:07 [factory.orchestrator] INFO: [FACTORY] Cycle 6 done: clawmarketing completed=0 failed=0 progress=False duration=122s
08:42:07 [factory.orchestrator] INFO: [CYCLE 7] Phase 1: THINK (shell)
08:42:07 [factory.think] INFO: [THINK] Starting for shell
08:42:10 [factory.think] INFO: [THINK] Task Ledger: 1 facts
08:42:10 [factory.think] INFO: [THINK] Gathering 3 advisor opinions in parallel...
08:44:10 [factory.think] INFO: [THINK] Got 1/3 valid opinions
08:44:10 [factory.think] INFO: [THINK] Consensus: 0 agreed, 1 specs, confidence=0.60, proceed=True
08:44:10 [factory.orchestrator] INFO: [CYCLE 7] Phase 2: BUILD (shell)
08:44:10 [factory.build] INFO: [BUILD] Generated spec: S01-invalid-api-key-fix-external
08:44:10 [factory.build] INFO: [BUILD] S01-invalid-api-key-fix-external attempt 1/4
08:44:10 [factory.build] WARNING: [BUILD] S01-invalid-api-key-fix-external: exit 0 but loc_added=0 — empty_run
08:44:10 [factory.build] INFO: [BUILD] S01-invalid-api-key-fix-external failed (loc_added=0), will retry. Error: Empty run: exit 0 but loc_added=0, no code produced...
08:44:10 [factory.build] INFO: [BUILD] S01-invalid-api-key-fix-external attempt 2/4
08:44:10 [factory.build] WARNING: [BUILD] S01-invalid-api-key-fix-external: exit 0 but loc_added=0 — empty_run
08:44:10 [factory.build] WARNING: [BUILD] S01-invalid-api-key-fix-external: 2 consecutive runs with loc_added=0 — early kill
08:44:10 [factory.orchestrator] INFO: [CYCLE 7] Phase 3: REVIEW (shell)
08:44:10 [factory.orchestrator] INFO: [CYCLE 7] Phase 4: LEARN (shell)
08:44:10 [factory.learn] INFO: [LEARN] Updated 1 Thompson Sampling stats
08:44:10 [factory.learn] INFO: [LEARN] shell: mutated=0, pruned=0, patterns=0, thompson_updates=1
08:44:10 [factory.orchestrator] INFO: [FACTORY] Cycle 7 done: shell completed=0 failed=0 progress=False duration=124s
08:45:10 [factory.orchestrator] INFO: [FACTORY] Circuit breaker OPEN for clawmarketing: open_cooldown_1556s
08:46:10 [factory.orchestrator] INFO: [CYCLE 8] Phase 1: THINK (shell)
08:46:10 [factory.think] INFO: [THINK] Starting for shell
08:46:13 [factory.think] INFO: [THINK] Task Ledger: 1 facts
08:46:13 [factory.think] INFO: [THINK] Gathering 3 advisor opinions in parallel...
08:48:13 [factory.think] INFO: [THINK] Got 1/3 valid opinions
08:48:13 [factory.think] INFO: [THINK] Consensus: 0 agreed, 1 specs, confidence=0.60, proceed=True
08:48:13 [factory.orchestrator] INFO: [CYCLE 8] Phase 2: BUILD (shell)
08:48:13 [factory.build] INFO: [BUILD] Generated spec: S01-invalid-api-key-fix-external
08:48:13 [factory.build] INFO: [BUILD] S01-invalid-api-key-fix-external attempt 1/4
08:48:13 [factory.build] WARNING: [BUILD] S01-invalid-api-key-fix-external: exit 0 but loc_added=0 — empty_run
08:48:13 [factory.build] INFO: [BUILD] S01-invalid-api-key-fix-external failed (loc_added=0), will retry. Error: Empty run: exit 0 but loc_added=0, no code produced...
08:48:13 [factory.build] INFO: [BUILD] S01-invalid-api-key-fix-external attempt 2/4
08:48:13 [factory.build] WARNING: [BUILD] S01-invalid-api-key-fix-external: exit 0 but loc_added=0 — empty_run
08:48:13 [factory.build] WARNING: [BUILD] S01-invalid-api-key-fix-external: 2 consecutive runs with loc_added=0 — early kill
08:48:13 [factory.orchestrator] INFO: [CYCLE 8] Phase 3: REVIEW (shell)
08:48:13 [factory.orchestrator] INFO: [CYCLE 8] Phase 4: LEARN (shell)
08:48:13 [factory.learn] INFO: [LEARN] Updated 1 Thompson Sampling stats
08:48:13 [factory.learn] INFO: [LEARN] shell: mutated=0, pruned=0, patterns=0, thompson_updates=1
08:48:13 [factory.orchestrator] INFO: [FACTORY] Cycle 8 done: shell completed=0 failed=0 progress=False duration=123s
08:49:13 [factory.orchestrator] INFO: [FACTORY] Circuit breaker OPEN for clawmarketing: open_cooldown_1313s
08:50:13 [factory.orchestrator] INFO: [FACTORY] Circuit breaker OPEN for shell: open_cooldown_1679s
